<?xml version="1.0" encoding="UTF-8" ?>
<testsuite failures="0" time="0.071" errors="0" skipped="0" tests="17" name="no.uio.inf5750.assignment2.service.StudentSystemTest">
  <properties>
    <property name="java.runtime.name" value="Java(TM) SE Runtime Environment"/>
    <property name="sun.boot.library.path" value="C:\Program Files\Java\jdk1.7.0_02\jre\bin"/>
    <property name="java.vm.version" value="22.0-b10"/>
    <property name="java.vm.vendor" value="Oracle Corporation"/>
    <property name="maven.multiModuleProjectDirectory" value="D:\UIO\INF5750\Oblig3\assignment3_kangul"/>
    <property name="java.vendor.url" value="http://java.oracle.com/"/>
    <property name="path.separator" value=";"/>
    <property name="guice.disable.misplaced.annotation.check" value="true"/>
    <property name="java.vm.name" value="Java HotSpot(TM) 64-Bit Server VM"/>
    <property name="file.encoding.pkg" value="sun.io"/>
    <property name="user.script" value=""/>
    <property name="user.country" value="KR"/>
    <property name="sun.java.launcher" value="SUN_STANDARD"/>
    <property name="sun.os.patch.level" value="Service Pack 1"/>
    <property name="java.vm.specification.name" value="Java Virtual Machine Specification"/>
    <property name="user.dir" value="D:\UIO\INF5750\Oblig3\assignment3_kangul"/>
    <property name="java.runtime.version" value="1.7.0_02-b13"/>
    <property name="java.awt.graphicsenv" value="sun.awt.Win32GraphicsEnvironment"/>
    <property name="java.endorsed.dirs" value="C:\Program Files\Java\jdk1.7.0_02\jre\lib\endorsed"/>
    <property name="os.arch" value="amd64"/>
    <property name="java.io.tmpdir" value="C:\Users\kangup\AppData\Local\Temp\"/>
    <property name="line.separator" value="
"/>
    <property name="java.vm.specification.vendor" value="Oracle Corporation"/>
    <property name="user.variant" value=""/>
    <property name="os.name" value="Windows 7"/>
    <property name="classworlds.conf" value="D:\workspace\.metadata\.plugins\org.eclipse.m2e.launching\launches\m2conf7811129974475885576.tmp"/>
    <property name="sun.jnu.encoding" value="MS949"/>
    <property name="java.library.path" value="C:\Program Files\Java\jdk1.7.0_02\bin;C:\Windows\Sun\Java\bin;C:\Windows\system32;C:\Windows;C:\Program Files\apache-maven-3.3.3\bin;C:\ProgramData\Oracle\Java\javapath;C:\Program Files\Common Files\Microsoft Shared\Windows Live;C:\Program Files (x86)\Common Files\Microsoft Shared\Windows Live;C:\Program Files (x86)\NVIDIA Corporation\PhysX\Common;C:\Windows\system32;C:\Windows;C:\Windows\System32\Wbem;C:\Windows\System32\WindowsPowerShell\v1.0\;C:\Program Files (x86)\Windows Live\Shared;D:\MATLAB\bin\win32;C:\Program Files\TortoiseHg\;C:\Program Files\Java\apache-tomcat-7.0.65\bin;%JAVA_HOME%\bin;;."/>
    <property name="java.specification.name" value="Java Platform API Specification"/>
    <property name="java.class.version" value="51.0"/>
    <property name="sun.management.compiler" value="HotSpot 64-Bit Tiered Compilers"/>
    <property name="os.version" value="6.1"/>
    <property name="user.home" value="C:\Users\kangup"/>
    <property name="user.timezone" value="Asia/Seoul"/>
    <property name="java.awt.printerjob" value="sun.awt.windows.WPrinterJob"/>
    <property name="java.specification.version" value="1.7"/>
    <property name="file.encoding" value="MS949"/>
    <property name="user.name" value="kangup"/>
    <property name="java.class.path" value="/C:/Program Files/eclipse/plugins/org.eclipse.m2e.maven.runtime_1.6.0.20150526-2031/jars/plexus-classworlds-2.5.2.jar"/>
    <property name="java.vm.specification.version" value="1.7"/>
    <property name="sun.arch.data.model" value="64"/>
    <property name="java.home" value="C:\Program Files\Java\jdk1.7.0_02\jre"/>
    <property name="sun.java.command" value="org.codehaus.plexus.classworlds.launcher.Launcher -B install"/>
    <property name="java.specification.vendor" value="Oracle Corporation"/>
    <property name="user.language" value="ko"/>
    <property name="awt.toolkit" value="sun.awt.windows.WToolkit"/>
    <property name="java.vm.info" value="mixed mode"/>
    <property name="java.version" value="1.7.0_02"/>
    <property name="java.ext.dirs" value="C:\Program Files\Java\jdk1.7.0_02\jre\lib\ext;C:\Windows\Sun\Java\lib\ext"/>
    <property name="sun.boot.class.path" value="C:\Program Files\Java\jdk1.7.0_02\jre\lib\resources.jar;C:\Program Files\Java\jdk1.7.0_02\jre\lib\rt.jar;C:\Program Files\Java\jdk1.7.0_02\jre\lib\sunrsasign.jar;C:\Program Files\Java\jdk1.7.0_02\jre\lib\jsse.jar;C:\Program Files\Java\jdk1.7.0_02\jre\lib\jce.jar;C:\Program Files\Java\jdk1.7.0_02\jre\lib\charsets.jar;C:\Program Files\Java\jdk1.7.0_02\jre\classes"/>
    <property name="java.vendor" value="Oracle Corporation"/>
    <property name="maven.home" value="D:\UIO\INF5750\Oblig3\assignment3_kangul\EMBEDDED"/>
    <property name="file.separator" value="\"/>
    <property name="java.vendor.url.bug" value="http://bugreport.sun.com/bugreport/"/>
    <property name="sun.cpu.endian" value="little"/>
    <property name="sun.io.unicode.encoding" value="UnicodeLittle"/>
    <property name="sun.desktop" value="windows"/>
    <property name="sun.cpu.isalist" value="amd64"/>
  </properties>
  <testcase time="0.018" classname="no.uio.inf5750.assignment2.service.StudentSystemTest" name="testGetAllStudents"/>
  <testcase time="0.003" classname="no.uio.inf5750.assignment2.service.StudentSystemTest" name="testDelStudent"/>
  <testcase time="0.004" classname="no.uio.inf5750.assignment2.service.StudentSystemTest" name="testDelDegree"/>
  <testcase time="0.003" classname="no.uio.inf5750.assignment2.service.StudentSystemTest" name="testGetAllDegrees"/>
  <testcase time="0.003" classname="no.uio.inf5750.assignment2.service.StudentSystemTest" name="testAddCourse"/>
  <testcase time="0.002" classname="no.uio.inf5750.assignment2.service.StudentSystemTest" name="studentLocation"/>
  <testcase time="0.005" classname="no.uio.inf5750.assignment2.service.StudentSystemTest" name="testUpdateCourse"/>
  <testcase time="0.004" classname="no.uio.inf5750.assignment2.service.StudentSystemTest" name="testUpdateDegree"/>
  <testcase time="0.003" classname="no.uio.inf5750.assignment2.service.StudentSystemTest" name="testAddStudent"/>
  <testcase time="0.003" classname="no.uio.inf5750.assignment2.service.StudentSystemTest" name="testUpdateStudent"/>
  <testcase time="0.003" classname="no.uio.inf5750.assignment2.service.StudentSystemTest" name="testAddAttendantToCourse"/>
  <testcase time="0.003" classname="no.uio.inf5750.assignment2.service.StudentSystemTest" name="testAddDegreeToStudent"/>
  <testcase time="0.005" classname="no.uio.inf5750.assignment2.service.StudentSystemTest" name="addDegree"/>
  <testcase time="0.002" classname="no.uio.inf5750.assignment2.service.StudentSystemTest" name="testAddRequiredCourseToDegree"/>
  <testcase time="0.003" classname="no.uio.inf5750.assignment2.service.StudentSystemTest" name="testStudentFulfillsDegreeRequirements"/>
  <testcase time="0.004" classname="no.uio.inf5750.assignment2.service.StudentSystemTest" name="testGetAllCourses"/>
  <testcase time="0.003" classname="no.uio.inf5750.assignment2.service.StudentSystemTest" name="testDelCourse"/>
</testsuite>